INFO:  latexindent.exe version 3.20.1, 2023-01-07, a script to indent .tex files
       latexindent.exe lives here: D:/aaa/dev/LaTeX/texlive/2022/bin/win32/
       Mon Apr 15 15:04:20 2024
       Filename: d:/PyCharm/Artificial-Intelligence/Othello-Reversi-Report/content/__latexindent_temp_3_validation.tex
INFO:  Processing switches:
       -y|--yaml: YAML settings specified via command line
       -c|--cruft: cruft directory
INFO:  Directory for backup files and d:/PyCharm/Artificial-Intelligence/Othello-Reversi-Report//indent.log:
       d:/PyCharm/Artificial-Intelligence/Othello-Reversi-Report/
INFO:  YAML settings read: defaultSettings.yaml
       Reading defaultSettings.yaml from D:/aaa/dev/LaTeX/texlive/2022/bin/win32/defaultSettings.yaml
       Reading defaultSettings.yaml (2nd attempt) from D:/aaa/dev/LaTeX/texlive/2022/bin/win32/../../texmf-dist/scripts/latexindent/defaultSettings.yaml
       and then, if necessary, D:/aaa/dev/LaTeX/texlive/2022/bin/win32/LatexIndent/defaultSettings.yaml
INFO:  YAML reading settings
       Home directory is C:\Users\Utilisateur
       latexindent.pl didn't find indentconfig.yaml or .indentconfig.yaml
       see all possible locations: https://latexindentpl.readthedocs.io/en/latest/sec-appendices.html#indentconfig-options)
INFO:  YAML settings read: -y switch
       YAML setting: defaultIndent:'    '
       single-quoted string found in -y switch: '    ', substitute to     
       Updating mainSettings with defaultIndent:     
INFO:  Phase 1: searching for objects
INFO:  Phase 2: finding surrounding indentation
INFO:  Phase 3: indenting objects
INFO:  Phase 4: final indentation check
INFO:  Output routine:
       Not outputting to file; see -w and -o switches for more options.
       --------------
INFO:  Please direct all communication/issues to:
        https://github.com/cmhughes/latexindent.pl
